<?xml version="1.0" encoding="UTF-8"?>
<!-- Generated by org.testng.reporters.JUnitXMLReporter -->
<testsuite ignored="0" hostname="LAPTOP-EDNQF8JN" failures="1" tests="4" name="Testing all the class on the package" time="64.056" errors="0" timestamp="2023-01-12T21:59:23 CST">
  <testcase classname="AmazonTestNG.Sprint1_Amazon" name="Test1" time="8.635">
    <failure type="java.lang.AssertionError" message="The following asserts failed:
	expected [9000] but found [1-16 of over 20,000 results for],
	expected [Sell on Amazon 1] but found [Sell on Amazon]">
      <![CDATA[java.lang.AssertionError: The following asserts failed:
expected [9000] but found [1-16 of over 20,000 results for],
expected [Sell on Amazon 1] but found [Sell on Amazon]
at AmazonTestNG.Sprint1_Amazon.Test1(Sprint1_Amazon.java:41)
at java.base/java.util.ArrayList.forEach(ArrayList.java:1511)
... Removed 29 stack frames]]>
    </failure>
  </testcase> <!-- Test1 -->
  <testcase classname="AmazonTestNG.Sprint2_Amazon" name="Test1" time="6.733"/>
  <testcase classname="AmazonTestNG.Sprint2_Amazon" name="Test2" time="34.1"/>
  <testcase classname="AmazonTestNG.Sprint2_Amazon" name="Test3" time="5.652"/>
</testsuite> <!-- Testing all the class on the package -->
